<?xml version="1.0" encoding="UTF-8"?>
<robot generator="Robot 3.2.1 (Python 3.8.5 on win32)" generated="20200803 14:50:25.416" rpa="false">
<suite id="s1" name="TestSitePractice" source="C:\Users\atomi\OneDrive\Área de Trabalho\Mod5\SuiteSiteTestePracticePO_antes_de_refatorar\tests\TestSitePractice.robot">
<test id="s1-t1" name="Caso de Teste com PO 01: Remover Produtos do Carrinho">
<kw name="Abrir navegador" library="Resource" type="setup">
<kw name="Open Browser" library="SeleniumLibrary">
<doc>Opens a new browser instance to the optional ``url``.</doc>
<arguments>
<arg>about:blank</arg>
<arg>${BROWSER}</arg>
</arguments>
<msg timestamp="20200803 14:50:25.639" level="INFO">Opening browser 'chrome' to base url 'about:blank'.</msg>
<status status="PASS" starttime="20200803 14:50:25.639" endtime="20200803 14:50:28.834"></status>
</kw>
<status status="PASS" starttime="20200803 14:50:25.639" endtime="20200803 14:50:28.834"></status>
</kw>
<kw name="Acessar a página home do site" library="Home">
<kw name="Go To" library="SeleniumLibrary">
<doc>Navigates the current browser window to the provided ``url``.</doc>
<arguments>
<arg>${URL}</arg>
</arguments>
<msg timestamp="20200803 14:50:28.835" level="INFO">Opening url 'http://automationpractice.com'</msg>
<status status="PASS" starttime="20200803 14:50:28.835" endtime="20200803 14:50:33.169"></status>
</kw>
<kw name="Wait Until Element Is Visible" library="SeleniumLibrary">
<doc>Waits until the element ``locator`` is visible.</doc>
<arguments>
<arg>${HOME_TOPMENU}</arg>
</arguments>
<status status="PASS" starttime="20200803 14:50:33.169" endtime="20200803 14:50:33.191"></status>
</kw>
<kw name="Title Should Be" library="SeleniumLibrary">
<doc>Verifies that the current page title equals ``title``.</doc>
<arguments>
<arg>${HOME_TITLE}</arg>
</arguments>
<msg timestamp="20200803 14:50:33.195" level="INFO">Page title is 'My Store'.</msg>
<status status="PASS" starttime="20200803 14:50:33.192" endtime="20200803 14:50:33.195"></status>
</kw>
<status status="PASS" starttime="20200803 14:50:28.834" endtime="20200803 14:50:33.195"></status>
</kw>
<kw name="Adicionar o produto &quot;T-shirt&quot; no carrinho" library="Home">
<kw name="Digitar o nome do produto &quot;${PRODUTO}&quot; no campo de pesquisa" library="Home">
<kw name="Input Text" library="SeleniumLibrary">
<doc>Types the given ``text`` into the text field identified by ``locator``.</doc>
<arguments>
<arg>${HOME_FIELD_PESQUISAR}</arg>
<arg>${PRODUTO}</arg>
</arguments>
<msg timestamp="20200803 14:50:33.197" level="INFO">Typing text 'T-shirt' into text field 'name=search_query'.</msg>
<status status="PASS" starttime="20200803 14:50:33.196" endtime="20200803 14:50:33.275"></status>
</kw>
<status status="PASS" starttime="20200803 14:50:33.196" endtime="20200803 14:50:33.276"></status>
</kw>
<kw name="Clicar no botão pesquisar" library="Home">
<kw name="Click Element" library="SeleniumLibrary">
<doc>Click the element identified by ``locator``.</doc>
<arguments>
<arg>${HOME_BTN_PESQUISAR}</arg>
</arguments>
<msg timestamp="20200803 14:50:33.276" level="INFO">Clicking element 'name=submit_search'.</msg>
<status status="PASS" starttime="20200803 14:50:33.276" endtime="20200803 14:50:33.959"></status>
</kw>
<status status="PASS" starttime="20200803 14:50:33.276" endtime="20200803 14:50:33.959"></status>
</kw>
<kw name="Clicar no botão &quot;Add to Cart&quot; do produto &quot;${PRODUTO}&quot;" library="Home">
<kw name="Wait Until Element Is Visible" library="SeleniumLibrary">
<doc>Waits until the element ``locator`` is visible.</doc>
<arguments>
<arg>${HOME_PRODUCT}</arg>
</arguments>
<status status="PASS" starttime="20200803 14:50:33.960" endtime="20200803 14:50:34.437"></status>
</kw>
<kw name="Click Element" library="SeleniumLibrary">
<doc>Click the element identified by ``locator``.</doc>
<arguments>
<arg>${HOME_PRODUCT}</arg>
</arguments>
<msg timestamp="20200803 14:50:34.438" level="INFO">Clicking element 'xpath=//*[@id="center_column"]//img[@alt="Faded Short Sleeve T-shirts"]'.</msg>
<status status="PASS" starttime="20200803 14:50:34.438" endtime="20200803 14:50:35.430"></status>
</kw>
<kw name="Wait Until Element Is Visible" library="SeleniumLibrary">
<doc>Waits until the element ``locator`` is visible.</doc>
<arguments>
<arg>${HOME_BTN_ADDCART}</arg>
</arguments>
<status status="PASS" starttime="20200803 14:50:35.430" endtime="20200803 14:50:36.089"></status>
</kw>
<kw name="Click Button" library="SeleniumLibrary">
<doc>Clicks the button identified by ``locator``.</doc>
<arguments>
<arg>${HOME_BTN_ADDCART}</arg>
</arguments>
<msg timestamp="20200803 14:50:36.089" level="INFO">Clicking button 'xpath=//*[@id="add_to_cart"]/button'.</msg>
<status status="PASS" starttime="20200803 14:50:36.089" endtime="20200803 14:50:36.146"></status>
</kw>
<status status="PASS" starttime="20200803 14:50:33.959" endtime="20200803 14:50:36.147"></status>
</kw>
<kw name="Clicar no botão &quot;Proceed to checkout&quot;" library="Home">
<kw name="Wait Until Element Is Visible" library="SeleniumLibrary">
<doc>Waits until the element ``locator`` is visible.</doc>
<arguments>
<arg>${HOME_BTN_CHECKOUT}</arg>
<arg>10</arg>
</arguments>
<status status="PASS" starttime="20200803 14:50:36.147" endtime="20200803 14:50:37.242"></status>
</kw>
<kw name="Click Element" library="SeleniumLibrary">
<doc>Click the element identified by ``locator``.</doc>
<arguments>
<arg>${HOME_BTN_CHECKOUT}</arg>
</arguments>
<msg timestamp="20200803 14:50:37.243" level="INFO">Clicking element 'xpath=//*[@id="layer_cart"]//a[@title="Proceed to checkout"]'.</msg>
<status status="PASS" starttime="20200803 14:50:37.243" endtime="20200803 14:50:38.571"></status>
</kw>
<status status="PASS" starttime="20200803 14:50:36.147" endtime="20200803 14:50:38.571"></status>
</kw>
<status status="PASS" starttime="20200803 14:50:33.196" endtime="20200803 14:50:38.572"></status>
</kw>
<kw name="Excluir o produto do carrinho" library="Order">
<kw name="Title Should Be" library="SeleniumLibrary">
<doc>Verifies that the current page title equals ``title``.</doc>
<arguments>
<arg>${ORDER_TITLE}</arg>
</arguments>
<msg timestamp="20200803 14:50:38.586" level="INFO">Page title is 'Order - My Store'.</msg>
<status status="PASS" starttime="20200803 14:50:38.574" endtime="20200803 14:50:38.587"></status>
</kw>
<kw name="Wait Until Element Is Visible" library="SeleniumLibrary">
<doc>Waits until the element ``locator`` is visible.</doc>
<arguments>
<arg>${ORDER_DELETE}</arg>
</arguments>
<status status="PASS" starttime="20200803 14:50:38.587" endtime="20200803 14:50:38.615"></status>
</kw>
<kw name="Click Element" library="SeleniumLibrary">
<doc>Click the element identified by ``locator``.</doc>
<arguments>
<arg>${ORDER_DELETE}</arg>
</arguments>
<msg timestamp="20200803 14:50:38.615" level="INFO">Clicking element 'xpath=//*[@class="cart_quantity_delete"]'.</msg>
<status status="PASS" starttime="20200803 14:50:38.615" endtime="20200803 14:50:38.655"></status>
</kw>
<status status="PASS" starttime="20200803 14:50:38.573" endtime="20200803 14:50:38.655"></status>
</kw>
<kw name="Conferir se o carrinho fica vazio" library="Order">
<kw name="Wait Until Element Is Visible" library="SeleniumLibrary">
<doc>Waits until the element ``locator`` is visible.</doc>
<arguments>
<arg>${ORDER_MESSAGE}</arg>
</arguments>
<status status="PASS" starttime="20200803 14:50:38.656" endtime="20200803 14:50:39.897"></status>
</kw>
<kw name="Element Text Should Be" library="SeleniumLibrary">
<doc>Verifies that element ``locator`` contains exact the text ``expected``.</doc>
<arguments>
<arg>${ORDER_MESSAGE}</arg>
<arg>Your shopping cart is empty.</arg>
</arguments>
<msg timestamp="20200803 14:50:39.898" level="INFO">Verifying element 'xpath=//*[@id="center_column"]/p[@class='alert alert-warning']' contains exact text 'Your shopping cart is empty.'.</msg>
<status status="PASS" starttime="20200803 14:50:39.898" endtime="20200803 14:50:39.914"></status>
</kw>
<status status="PASS" starttime="20200803 14:50:38.656" endtime="20200803 14:50:39.914"></status>
</kw>
<kw name="Fechar navegador" library="Resource" type="teardown">
<kw name="Close Browser" library="SeleniumLibrary">
<doc>Closes the current browser.</doc>
<status status="PASS" starttime="20200803 14:50:39.916" endtime="20200803 14:50:42.030"></status>
</kw>
<status status="PASS" starttime="20200803 14:50:39.915" endtime="20200803 14:50:42.030"></status>
</kw>
<status status="PASS" starttime="20200803 14:50:25.629" endtime="20200803 14:50:42.030" critical="yes"></status>
</test>
<test id="s1-t2" name="Caso de Teste com PO 02: Adicionar Cliente">
<kw name="Abrir navegador" library="Resource" type="setup">
<kw name="Open Browser" library="SeleniumLibrary">
<doc>Opens a new browser instance to the optional ``url``.</doc>
<arguments>
<arg>about:blank</arg>
<arg>${BROWSER}</arg>
</arguments>
<msg timestamp="20200803 14:50:42.036" level="INFO">Opening browser 'chrome' to base url 'about:blank'.</msg>
<status status="PASS" starttime="20200803 14:50:42.036" endtime="20200803 14:50:45.173"></status>
</kw>
<status status="PASS" starttime="20200803 14:50:42.036" endtime="20200803 14:50:45.173"></status>
</kw>
<kw name="Acessar a página home do site" library="Home">
<kw name="Go To" library="SeleniumLibrary">
<doc>Navigates the current browser window to the provided ``url``.</doc>
<arguments>
<arg>${URL}</arg>
</arguments>
<msg timestamp="20200803 14:50:45.175" level="INFO">Opening url 'http://automationpractice.com'</msg>
<status status="PASS" starttime="20200803 14:50:45.175" endtime="20200803 14:50:50.753"></status>
</kw>
<kw name="Wait Until Element Is Visible" library="SeleniumLibrary">
<doc>Waits until the element ``locator`` is visible.</doc>
<arguments>
<arg>${HOME_TOPMENU}</arg>
</arguments>
<status status="PASS" starttime="20200803 14:50:50.753" endtime="20200803 14:50:50.776"></status>
</kw>
<kw name="Title Should Be" library="SeleniumLibrary">
<doc>Verifies that the current page title equals ``title``.</doc>
<arguments>
<arg>${HOME_TITLE}</arg>
</arguments>
<msg timestamp="20200803 14:50:50.780" level="INFO">Page title is 'My Store'.</msg>
<status status="PASS" starttime="20200803 14:50:50.777" endtime="20200803 14:50:50.780"></status>
</kw>
<status status="PASS" starttime="20200803 14:50:45.174" endtime="20200803 14:50:50.781"></status>
</kw>
<kw name="Clicar em &quot;Sign in&quot;" library="Home">
<kw name="Click Element" library="SeleniumLibrary">
<doc>Click the element identified by ``locator``.</doc>
<arguments>
<arg>xpath=//*[@id="header"]//*[@class="login"][contains(text(),"Sign in")]</arg>
</arguments>
<msg timestamp="20200803 14:50:50.782" level="INFO">Clicking element 'xpath=//*[@id="header"]//*[@class="login"][contains(text(),"Sign in")]'.</msg>
<status status="PASS" starttime="20200803 14:50:50.781" endtime="20200803 14:50:51.994"></status>
</kw>
<status status="PASS" starttime="20200803 14:50:50.781" endtime="20200803 14:50:51.994"></status>
</kw>
<kw name="Informar um e-mail válido" library="Authentication">
<kw name="Wait Until Element Is Visible" library="SeleniumLibrary">
<doc>Waits until the element ``locator`` is visible.</doc>
<arguments>
<arg>${AUTHENTICATION_FIELD_EMAIL}</arg>
</arguments>
<status status="PASS" starttime="20200803 14:50:51.995" endtime="20200803 14:50:52.674"></status>
</kw>
<kw name="Generate Random String" library="String">
<doc>Generates a string with a desired ``length`` from the given ``chars``.</doc>
<assign>
<var>${EMAIL}</var>
</assign>
<msg timestamp="20200803 14:50:52.674" level="INFO">${EMAIL} = dVeKTf56</msg>
<status status="PASS" starttime="20200803 14:50:52.674" endtime="20200803 14:50:52.674"></status>
</kw>
<kw name="Input Text" library="SeleniumLibrary">
<doc>Types the given ``text`` into the text field identified by ``locator``.</doc>
<arguments>
<arg>${AUTHENTICATION_FIELD_EMAIL}</arg>
<arg>${EMAIL}@testerobot.com</arg>
</arguments>
<msg timestamp="20200803 14:50:52.675" level="INFO">Typing text 'dVeKTf56@testerobot.com' into text field 'id=email_create'.</msg>
<status status="PASS" starttime="20200803 14:50:52.674" endtime="20200803 14:50:52.764"></status>
</kw>
<status status="PASS" starttime="20200803 14:50:51.995" endtime="20200803 14:50:52.764"></status>
</kw>
<kw name="Clicar em &quot;Create an account&quot;" library="Authentication">
<kw name="Click Button" library="SeleniumLibrary">
<doc>Clicks the button identified by ``locator``.</doc>
<arguments>
<arg>${AUTHENTICATION_BTN_CREATE}</arg>
</arguments>
<msg timestamp="20200803 14:50:52.765" level="INFO">Clicking button 'id=SubmitCreate'.</msg>
<status status="PASS" starttime="20200803 14:50:52.765" endtime="20200803 14:50:52.829"></status>
</kw>
<status status="PASS" starttime="20200803 14:50:52.764" endtime="20200803 14:50:52.829"></status>
</kw>
<kw name="Preencher os dados obrigatórios (Browser: &quot;chrome&quot;)" library="CreateAnAccount">
<kw name="Wait Until Element Is Visible" library="SeleniumLibrary">
<doc>Waits until the element ``locator`` is visible.</doc>
<arguments>
<arg>${CREATEANACCOUNT_HEADER}</arg>
</arguments>
<status status="PASS" starttime="20200803 14:50:52.830" endtime="20200803 14:50:54.342"></status>
</kw>
<kw name="Click Element" library="SeleniumLibrary">
<doc>Click the element identified by ``locator``.</doc>
<arguments>
<arg>${CREATEANACCOUNT_RB_GENDER}</arg>
</arguments>
<msg timestamp="20200803 14:50:54.342" level="INFO">Clicking element 'id=id_gender2'.</msg>
<status status="PASS" starttime="20200803 14:50:54.342" endtime="20200803 14:50:54.387"></status>
</kw>
<kw name="Input Text" library="SeleniumLibrary">
<doc>Types the given ``text`` into the text field identified by ``locator``.</doc>
<arguments>
<arg>${CREATEANACCOUNT_FIELD_FIRSTNAME}</arg>
<arg>May</arg>
</arguments>
<msg timestamp="20200803 14:50:54.388" level="INFO">Typing text 'May' into text field 'id=customer_firstname'.</msg>
<status status="PASS" starttime="20200803 14:50:54.388" endtime="20200803 14:50:54.469"></status>
</kw>
<kw name="Input Text" library="SeleniumLibrary">
<doc>Types the given ``text`` into the text field identified by ``locator``.</doc>
<arguments>
<arg>${CREATEANACCOUNT_FIELD_LASTNAME}</arg>
<arg>Fernandes</arg>
</arguments>
<msg timestamp="20200803 14:50:54.469" level="INFO">Typing text 'Fernandes' into text field 'id=customer_lastname'.</msg>
<status status="PASS" starttime="20200803 14:50:54.469" endtime="20200803 14:50:54.549"></status>
</kw>
<kw name="Input Text" library="SeleniumLibrary">
<doc>Types the given ``text`` into the text field identified by ``locator``.</doc>
<arguments>
<arg>${CREATEANACCOUNT_FIELD_PASSWORD}</arg>
<arg>123456</arg>
</arguments>
<msg timestamp="20200803 14:50:54.549" level="INFO">Typing text '123456' into text field 'id=passwd'.</msg>
<status status="PASS" starttime="20200803 14:50:54.549" endtime="20200803 14:50:54.641"></status>
</kw>
<kw name="Input Text" library="SeleniumLibrary">
<doc>Types the given ``text`` into the text field identified by ``locator``.</doc>
<arguments>
<arg>${CREATEANACCOUNT_FIELD_ADRESS}</arg>
<arg>Rua Framework, Bairro Robot</arg>
</arguments>
<msg timestamp="20200803 14:50:54.641" level="INFO">Typing text 'Rua Framework, Bairro Robot' into text field 'id=address1'.</msg>
<status status="PASS" starttime="20200803 14:50:54.641" endtime="20200803 14:50:54.735"></status>
</kw>
<kw name="Input Text" library="SeleniumLibrary">
<doc>Types the given ``text`` into the text field identified by ``locator``.</doc>
<arguments>
<arg>${CREATEANACCOUNT_FIELD_CITY}</arg>
<arg>Floripa</arg>
</arguments>
<msg timestamp="20200803 14:50:54.735" level="INFO">Typing text 'Floripa' into text field 'id=city'.</msg>
<status status="PASS" starttime="20200803 14:50:54.735" endtime="20200803 14:50:54.809"></status>
</kw>
<kw name="Wait Until Element Is Visible" library="SeleniumLibrary">
<doc>Waits until the element ``locator`` is visible.</doc>
<arguments>
<arg>${CREATEANACCOUNT_CB_STATE}</arg>
<arg>20</arg>
</arguments>
<status status="PASS" starttime="20200803 14:50:54.810" endtime="20200803 14:50:55.044"></status>
</kw>
<kw name="Set Focus To Element" library="SeleniumLibrary">
<doc>Sets the focus to the element identified by ``locator``.</doc>
<arguments>
<arg>${CREATEANACCOUNT_CB_STATE}</arg>
</arguments>
<status status="PASS" starttime="20200803 14:50:55.044" endtime="20200803 14:50:55.054"></status>
</kw>
<kw name="Select From List By Index" library="SeleniumLibrary">
<doc>Selects options from selection list ``locator`` by ``indexes``.</doc>
<arguments>
<arg>${CREATEANACCOUNT_CB_STATE_MENU}</arg>
<arg>9</arg>
</arguments>
<msg timestamp="20200803 14:50:55.054" level="INFO">Selecting options from selection list 'xpath=//p[@class='required id_state select form-group']//div//select' by index 9.</msg>
<status status="PASS" starttime="20200803 14:50:55.054" endtime="20200803 14:50:55.159"></status>
</kw>
<kw name="Input Text" library="SeleniumLibrary">
<doc>Types the given ``text`` into the text field identified by ``locator``.</doc>
<arguments>
<arg>${CREATEANACCOUNT_FIELD_POSTCODE}</arg>
<arg>12345</arg>
</arguments>
<msg timestamp="20200803 14:50:55.159" level="INFO">Typing text '12345' into text field 'id=postcode'.</msg>
<status status="PASS" starttime="20200803 14:50:55.159" endtime="20200803 14:50:55.239"></status>
</kw>
<kw name="Input Text" library="SeleniumLibrary">
<doc>Types the given ``text`` into the text field identified by ``locator``.</doc>
<arguments>
<arg>${CREATEANACCOUNT_FIELD_MOBILE}</arg>
<arg>99988877</arg>
</arguments>
<msg timestamp="20200803 14:50:55.239" level="INFO">Typing text '99988877' into text field 'id=phone_mobile'.</msg>
<status status="PASS" starttime="20200803 14:50:55.239" endtime="20200803 14:50:55.318"></status>
</kw>
<status status="PASS" starttime="20200803 14:50:52.829" endtime="20200803 14:50:55.319"></status>
</kw>
<kw name="Submeter cadastro" library="CreateAnAccount">
<kw name="Click Button" library="SeleniumLibrary">
<doc>Clicks the button identified by ``locator``.</doc>
<arguments>
<arg>${CREATEANACCOUNT_BTN_SUBMITACCOUNT}</arg>
</arguments>
<msg timestamp="20200803 14:50:55.320" level="INFO">Clicking button 'submitAccount'.</msg>
<status status="PASS" starttime="20200803 14:50:55.319" endtime="20200803 14:50:57.509"></status>
</kw>
<status status="PASS" starttime="20200803 14:50:55.319" endtime="20200803 14:50:57.509"></status>
</kw>
<kw name="Conferir se o cadastro foi efetuado com sucesso" library="MyAccount">
<kw name="Wait Until Element Is Visible" library="SeleniumLibrary">
<doc>Waits until the element ``locator`` is visible.</doc>
<arguments>
<arg>${MYACCOUNT_HEADER}</arg>
</arguments>
<status status="PASS" starttime="20200803 14:50:57.510" endtime="20200803 14:50:57.533"></status>
</kw>
<kw name="Element Text Should Be" library="SeleniumLibrary">
<doc>Verifies that element ``locator`` contains exact the text ``expected``.</doc>
<arguments>
<arg>${MYACCOUNT_HEADER}</arg>
<arg>${MYACCOUNT_MSG}</arg>
</arguments>
<msg timestamp="20200803 14:50:57.534" level="INFO">Verifying element 'xpath=//*[@id="center_column"]/p' contains exact text 'Welcome to your account. Here you can manage all of your personal information and orders.'.</msg>
<status status="PASS" starttime="20200803 14:50:57.533" endtime="20200803 14:50:57.551"></status>
</kw>
<kw name="Element Text Should Be" library="SeleniumLibrary">
<doc>Verifies that element ``locator`` contains exact the text ``expected``.</doc>
<arguments>
<arg>${MYACCOUNT_NAMEACCOUNT}</arg>
<arg>${MYACCOUNT_NAME}</arg>
</arguments>
<msg timestamp="20200803 14:50:57.552" level="INFO">Verifying element 'xpath=//*[@id="header"]/div[2]//div[1]/a/span' contains exact text 'May Fernandes'.</msg>
<status status="PASS" starttime="20200803 14:50:57.552" endtime="20200803 14:50:57.571"></status>
</kw>
<status status="PASS" starttime="20200803 14:50:57.510" endtime="20200803 14:50:57.571"></status>
</kw>
<kw name="Fechar navegador" library="Resource" type="teardown">
<kw name="Close Browser" library="SeleniumLibrary">
<doc>Closes the current browser.</doc>
<status status="PASS" starttime="20200803 14:50:57.572" endtime="20200803 14:50:59.676"></status>
</kw>
<status status="PASS" starttime="20200803 14:50:57.572" endtime="20200803 14:50:59.676"></status>
</kw>
<status status="PASS" starttime="20200803 14:50:42.035" endtime="20200803 14:50:59.676" critical="yes"></status>
</test>
<status status="PASS" starttime="20200803 14:50:25.416" endtime="20200803 14:50:59.684"></status>
</suite>
<statistics>
<total>
<stat pass="2" fail="0">Critical Tests</stat>
<stat pass="2" fail="0">All Tests</stat>
</total>
<tag>
</tag>
<suite>
<stat pass="2" fail="0" id="s1" name="TestSitePractice">TestSitePractice</stat>
</suite>
</statistics>
<errors>
</errors>
</robot>
